<?xml version="1.0" encoding="UTF-8"?>
<!-- Generated by org.testng.reporters.JUnitReportReporter -->
<testsuite hostname="DESKTOP-SQ41RG7" failures="0" tests="1" name="org.Stepdefn.Loginstepdefn" time="3.268" errors="0" timestamp="2024-07-11T11:07:48 IST" skipped="0">
  <testcase classname="org.Stepdefn.Loginstepdefn" name="user_get_to_the_login_page" time="3.268"/>
</testsuite> <!-- org.Stepdefn.Loginstepdefn -->
